<?xml version="1.0" encoding="UTF-8"?>
<testsuite xmlns:xsi="http://www.w3.org/2001/XMLSchema-instance" xsi:noNamespaceSchemaLocation="https://maven.apache.org/surefire/maven-surefire-plugin/xsd/surefire-test-report-3.0.xsd" version="3.0" name="com.bookstore.service.InventoryServiceTest" time="2.286" tests="6" errors="0" skipped="0" failures="0">
  <properties>
[...]
</properties>
  <testcase name="testGenerateSkuBarcode" classname="com.bookstore.service.InventoryServiceTest" time="2.181">
    <system-err><![CDATA[WARNING: A Java agent has been loaded dynamically (D:\.m2\repository\net\bytebuddy\byte-buddy-agent\1.14.19\byte-buddy-agent-1.14.19.jar)
WARNING: If a serviceability tool is in use, please run with -XX:+EnableDynamicAgentLoading to hide this warning
WARNING: If a serviceability tool is not in use, please run with -Djdk.instrument.traceUsage for more information
WARNING: Dynamic loading of agents will be disallowed by default in a future release
]]></system-err>
  </testcase>
  <testcase name="testPriceRecommendation_Acceptable" classname="com.bookstore.service.InventoryServiceTest" time="0.01"/>
  <testcase name="testIsSkuBarcodeAvailable" classname="com.bookstore.service.InventoryServiceTest" time="0.011"/>
  <testcase name="testPriceRecommendation_Good" classname="com.bookstore.service.InventoryServiceTest" time="0.006"/>
  <testcase name="testPriceRecommendation_VeryGood" classname="com.bookstore.service.InventoryServiceTest" time="0.004"/>
  <testcase name="testPriceRecommendation_LikeNew" classname="com.bookstore.service.InventoryServiceTest" time="0.006"/>
</testsuite>